Сборка начата 20.03.2024 17:57:01.
Уровень детализации журнала: Normal.     1>Проект "C:\Users\renam\SOMETHING #1\LabRab\AISD   - (2 from 6)\LabRab#3   +-\LabRab#3\LabRab#3\LabRab#3.vcxproj" в узле 2 (целевые объекты Build).
     1>InitializeBuildStatus:
         Создание "x64\Debug\LabRab#3.tlog\unsuccessfulbuild", так как было задано "AlwaysCreate".
         Обращение к "x64\Debug\LabRab#3.tlog\unsuccessfulbuild".
       ClCompile:
         C:\Program Files\Microsoft Visual Studio\2022\Community\VC\Tools\MSVC\14.37.32822\bin\HostX64\x64\CL.exe /c /ZI /JMC /nologo /W3 /WX- /diagnostics:column /sdl /Od /D _DEBUG /D _CONSOLE /D _UNICODE /D UNICODE /Gm- /EHsc /RTC1 /MDd /GS /fp:precise /Zc:wchar_t /Zc:forScope /Zc:inline /permissive- /Fo"x64\Debug\\" /Fd"x64\Debug\vc143.pdb" /external:W3 /Gd /TP /FC /errorReport:prompt "LabRab#3.cpp"
         LabRab#3.cpp
     1>C:\Users\renam\SOMETHING #1\LabRab\AISD   - (2 from 6)\LabRab#3   +-\LabRab#3\LabRab#3\LabRab#3.cpp(38,15): warning C4267: инициализация: преобразование из "size_t" в "int"; возможна потеря данных
     1>C:\Users\renam\SOMETHING #1\LabRab\AISD   - (2 from 6)\LabRab#3   +-\LabRab#3\LabRab#3\LabRab#3.cpp(86,15): warning C4244: аргумент: преобразование "time_t" в "unsigned int", возможна потеря данных
       Link:
         C:\Program Files\Microsoft Visual Studio\2022\Community\VC\Tools\MSVC\14.37.32822\bin\HostX64\x64\link.exe /ERRORREPORT:PROMPT /OUT:"C:\Users\renam\SOMETHING #1\LabRab\AISD   - (2 from 6)\LabRab#3   +-\LabRab#3\x64\Debug\LabRab#3.exe" /INCREMENTAL /ILK:"x64\Debug\LabRab#3.ilk" /NOLOGO kernel32.lib user32.lib gdi32.lib winspool.lib comdlg32.lib advapi32.lib shell32.lib ole32.lib oleaut32.lib uuid.lib odbc32.lib odbccp32.lib /MANIFEST /MANIFESTUAC:"level='asInvoker' uiAccess='false'" /manifest:embed /DEBUG /PDB:"C:\Users\renam\SOMETHING #1\LabRab\AISD   - (2 from 6)\LabRab#3   +-\LabRab#3\x64\Debug\LabRab#3.pdb" /SUBSYSTEM:CONSOLE /TLBID:1 /DYNAMICBASE /NXCOMPAT /IMPLIB:"C:\Users\renam\SOMETHING #1\LabRab\AISD   - (2 from 6)\LabRab#3   +-\LabRab#3\x64\Debug\LabRab#3.lib" /MACHINE:X64 "x64\Debug\LabRab#3.obj"
         LabRab#3.vcxproj -> C:\Users\renam\SOMETHING #1\LabRab\AISD   - (2 from 6)\LabRab#3   +-\LabRab#3\x64\Debug\LabRab#3.exe
       TlogCleanup:
         Следующие элементы будут удалены из tlogs, так как они были удалены из проекта или сборки: C:\Users\renam\SOMETHING #1\LabRab\AISD   - (2 from 6)\LabRab#3   -\LabRab#3\LabRab#3\LabRab#3.cpp.
       FinalizeBuildStatus:
         Файл "x64\Debug\LabRab#3.tlog\unsuccessfulbuild" удаляется.
         Обращение к "x64\Debug\LabRab#3.tlog\LabRab#3.lastbuildstate".
     1>Сборка проекта "C:\Users\renam\SOMETHING #1\LabRab\AISD   - (2 from 6)\LabRab#3   +-\LabRab#3\LabRab#3\LabRab#3.vcxproj" завершена (целевые объекты Build).

Сборка успешно завершена.

       "C:\Users\renam\SOMETHING #1\LabRab\AISD   - (2 from 6)\LabRab#3   +-\LabRab#3\LabRab#3\LabRab#3.vcxproj" (целевой объект Build ) (1) ->
       (Целевой объект ClCompile) -> 
         C:\Users\renam\SOMETHING #1\LabRab\AISD   - (2 from 6)\LabRab#3   +-\LabRab#3\LabRab#3\LabRab#3.cpp(38,15): warning C4267: инициализация: преобразование из "size_t" в "int"; возможна потеря данных
         C:\Users\renam\SOMETHING #1\LabRab\AISD   - (2 from 6)\LabRab#3   +-\LabRab#3\LabRab#3\LabRab#3.cpp(86,15): warning C4244: аргумент: преобразование "time_t" в "unsigned int", возможна потеря данных

    Предупреждений: 2
    Ошибок: 0

Прошло времени 00:00:04.62
