Сборка начата 06.03.2024 18:20:47.
Уровень детализации журнала: Normal.     1>Проект "C:\Users\renam\SOMETHING #1\LabRab\AISD   - (2 from 6)\LabRab#1   +-\LabRab#1\LabRab#1.vcxproj" в узле 2 (целевые объекты Build).
     1>InitializeBuildStatus:
         Создание "x64\Debug\LabRab#1.tlog\unsuccessfulbuild", так как было задано "AlwaysCreate".
         Обращение к "x64\Debug\LabRab#1.tlog\unsuccessfulbuild".
       ClCompile:
         C:\Program Files\Microsoft Visual Studio\2022\Community\VC\Tools\MSVC\14.37.32822\bin\HostX64\x64\CL.exe /c /ZI /JMC /nologo /W3 /WX- /diagnostics:column /sdl /Od /D _DEBUG /D _CONSOLE /D _UNICODE /D UNICODE /Gm- /EHsc /RTC1 /MDd /GS /fp:precise /Zc:wchar_t /Zc:forScope /Zc:inline /permissive- /Fo"x64\Debug\\" /Fd"x64\Debug\vc143.pdb" /external:W3 /Gd /TP /FC /errorReport:prompt 123.h Fib_Recurse.cpp "LabRab#1.cpp"
         123.h
         Fib_Recurse.cpp
         LabRab#1.cpp
     1>C:\Users\renam\SOMETHING #1\LabRab\AISD   - (2 from 6)\LabRab#1   +-\LabRab#1\LabRab#1.cpp(28,15): warning C4244: инициализация: преобразование "_Rep" в "int", возможна потеря данных
                 with
                 [
                     _Rep=double
                 ]
     1>C:\Users\renam\SOMETHING #1\LabRab\AISD   - (2 from 6)\LabRab#1   +-\LabRab#1\LabRab#1.cpp(49,15): warning C4244: инициализация: преобразование "_Rep" в "int", возможна потеря данных
                 with
                 [
                     _Rep=double
                 ]
         Создание кода...
       Link:
         C:\Program Files\Microsoft Visual Studio\2022\Community\VC\Tools\MSVC\14.37.32822\bin\HostX64\x64\link.exe /ERRORREPORT:PROMPT /OUT:"C:\Users\renam\SOMETHING #1\LabRab\AISD   - (2 from 6)\LabRab#1   +-\x64\Debug\LabRab#1.exe" /INCREMENTAL /ILK:"x64\Debug\LabRab#1.ilk" /NOLOGO kernel32.lib user32.lib gdi32.lib winspool.lib comdlg32.lib advapi32.lib shell32.lib ole32.lib oleaut32.lib uuid.lib odbc32.lib odbccp32.lib /MANIFEST /MANIFESTUAC:"level='asInvoker' uiAccess='false'" /manifest:embed /DEBUG /PDB:"C:\Users\renam\SOMETHING #1\LabRab\AISD   - (2 from 6)\LabRab#1   +-\x64\Debug\LabRab#1.pdb" /SUBSYSTEM:CONSOLE /TLBID:1 /DYNAMICBASE /NXCOMPAT /IMPLIB:"C:\Users\renam\SOMETHING #1\LabRab\AISD   - (2 from 6)\LabRab#1   +-\x64\Debug\LabRab#1.lib" /MACHINE:X64 x64\Debug\123.obj
         x64\Debug\Fib_Recurse.obj
         "x64\Debug\LabRab#1.obj"
         LabRab#1.vcxproj -> C:\Users\renam\SOMETHING #1\LabRab\AISD   - (2 from 6)\LabRab#1   +-\x64\Debug\LabRab#1.exe
       TlogCleanup:
         Следующие элементы будут удалены из tlogs, так как они были удалены из проекта или сборки: C:\Users\renam\SOMETHING #1\LabRab\AISD\LabRab#1\LabRab#1\123.h.
       FinalizeBuildStatus:
         Файл "x64\Debug\LabRab#1.tlog\unsuccessfulbuild" удаляется.
         Обращение к "x64\Debug\LabRab#1.tlog\LabRab#1.lastbuildstate".
     1>Сборка проекта "C:\Users\renam\SOMETHING #1\LabRab\AISD   - (2 from 6)\LabRab#1   +-\LabRab#1\LabRab#1.vcxproj" завершена (целевые объекты Build).

Сборка успешно завершена.

       "C:\Users\renam\SOMETHING #1\LabRab\AISD   - (2 from 6)\LabRab#1   +-\LabRab#1\LabRab#1.vcxproj" (целевой объект Build ) (1) ->
       (Целевой объект ClCompile) -> 
         C:\Users\renam\SOMETHING #1\LabRab\AISD   - (2 from 6)\LabRab#1   +-\LabRab#1\LabRab#1.cpp(28,15): warning C4244: инициализация: преобразование "_Rep" в "int", возможна потеря данных
         C:\Users\renam\SOMETHING #1\LabRab\AISD   - (2 from 6)\LabRab#1   +-\LabRab#1\LabRab#1.cpp(49,15): warning C4244: инициализация: преобразование "_Rep" в "int", возможна потеря данных

    Предупреждений: 2
    Ошибок: 0

Прошло времени 00:00:10.95
